Build started 9/27/2011 11:51:25 PM.
     1>Project "C:\Users\Justin\documents\visual studio 2010\Projects\RPG\RPG\RPG.vcxproj" on node 2 (build target(s)).
     1>PrepareForBuild:
         Creating directory "C:\Users\Justin\documents\visual studio 2010\Projects\RPG\Release\".
       InitializeBuildStatus:
         Creating "Release\RPG.unsuccessfulbuild" because "AlwaysCreate" was specified.
       ClCompile:
         c:\Program Files\Microsoft Visual Studio 10.0\VC\bin\CL.exe /c /Zi /nologo /W3 /WX- /O2 /Oi /Oy- /GL /D _MBCS /Gm- /EHsc /MD /GS /Gy /fp:precise /Zc:wchar_t /Zc:forScope /Fo"Release\\" /Fd"Release\vc100.pdb" /Gd /TP /analyze- /errorReport:prompt caster.cpp cleric.cpp cleric_spells.cpp default_commands.cpp fighter.cpp monk.cpp monster.cpp ninja.cpp paladin.cpp rpg.cpp RPGclass.cpp spell.cpp thief.cpp wizard.cpp wizard_spells.cpp
         caster.cpp
         cleric.cpp
         cleric_spells.cpp
         default_commands.cpp
         fighter.cpp
         monk.cpp
         monster.cpp
         ninja.cpp
         paladin.cpp
         rpg.cpp
     1>rpg.cpp(142): warning C4244: 'argument' : conversion from 'time_t' to 'unsigned int', possible loss of data
         RPGclass.cpp
         spell.cpp
         thief.cpp
         wizard.cpp
         wizard_spells.cpp
       Link:
         c:\Program Files\Microsoft Visual Studio 10.0\VC\bin\link.exe /ERRORREPORT:PROMPT /OUT:"C:\Users\Justin\documents\visual studio 2010\Projects\RPG\Release\RPG.exe" /NOLOGO kernel32.lib user32.lib gdi32.lib winspool.lib comdlg32.lib advapi32.lib shell32.lib ole32.lib oleaut32.lib uuid.lib odbc32.lib odbccp32.lib /MANIFEST /ManifestFile:"Release\RPG.exe.intermediate.manifest" /MANIFESTUAC:"level='asInvoker' uiAccess='false'" /DEBUG /PDB:"C:\Users\Justin\documents\visual studio 2010\Projects\RPG\Release\RPG.pdb" /OPT:REF /OPT:ICF /LTCG /TLBID:1 /DYNAMICBASE /NXCOMPAT /IMPLIB:"C:\Users\Justin\documents\visual studio 2010\Projects\RPG\Release\RPG.lib" /MACHINE:X86 Release\caster.obj
         Release\cleric.obj
         Release\cleric_spells.obj
         Release\default_commands.obj
         Release\fighter.obj
         Release\monk.obj
         Release\monster.obj
         Release\ninja.obj
         Release\paladin.obj
         Release\rpg.obj
         Release\RPGclass.obj
         Release\spell.obj
         Release\thief.obj
         Release\wizard.obj
         Release\wizard_spells.obj
         Generating code
         Finished generating code
         RPG.vcxproj -> C:\Users\Justin\documents\visual studio 2010\Projects\RPG\Release\RPG.exe
       Manifest:
         C:\Program Files\Microsoft SDKs\Windows\v7.0A\bin\mt.exe /nologo /verbose /outputresource:"C:\Users\Justin\documents\visual studio 2010\Projects\RPG\Release\RPG.exe;#1" /manifest Release\RPG.exe.intermediate.manifest
       FinalizeBuildStatus:
         Deleting file "Release\RPG.unsuccessfulbuild".
         Touching "Release\RPG.lastbuildstate".
     1>Done Building Project "C:\Users\Justin\documents\visual studio 2010\Projects\RPG\RPG\RPG.vcxproj" (build target(s)).

Build succeeded.

Time Elapsed 00:00:16.99
