Build started 12/10/2011 6:36:06 PM.
     1>Project "c:\Users\Justin\documents\visual studio 2010\Projects\Solitare\Solitare.vcxproj" on node 2 (build target(s)).
     1>InitializeBuildStatus:
         Creating "Release\Solitare.unsuccessfulbuild" because "AlwaysCreate" was specified.
       ClCompile:
         c:\Program Files\Microsoft Visual Studio 10.0\VC\bin\CL.exe /c /Zi /nologo /W3 /WX- /O2 /Oi /Oy- /GL /D _MBCS /Gm- /EHsc /MD /GS /Gy /fp:precise /Zc:wchar_t /Zc:forScope /Fo"Release\\" /Fd"Release\vc100.pdb" /Gd /TP /analyze- /errorReport:prompt Solitare.cpp
         Solitare.cpp
     1>Solitare.cpp(184): warning C4018: '<' : signed/unsigned mismatch
     1>Solitare.cpp(299): warning C4018: '<' : signed/unsigned mismatch
     1>Solitare.cpp(306): warning C4018: '<' : signed/unsigned mismatch
     1>Solitare.cpp(497): warning C4018: '>' : signed/unsigned mismatch
     1>Solitare.cpp(530): warning C4018: '<' : signed/unsigned mismatch
     1>Solitare.cpp(538): warning C4018: '<' : signed/unsigned mismatch
     1>Solitare.cpp(756): warning C4244: 'argument' : conversion from 'time_t' to 'unsigned int', possible loss of data
     1>Solitare.cpp(755): warning C4101: 'c' : unreferenced local variable
       Link:
         c:\Program Files\Microsoft Visual Studio 10.0\VC\bin\link.exe /ERRORREPORT:PROMPT /OUT:"c:\users\justin\documents\visual studio 2010\Projects\Solitare\Release\Solitare.exe" /NOLOGO kernel32.lib user32.lib gdi32.lib winspool.lib comdlg32.lib advapi32.lib shell32.lib ole32.lib oleaut32.lib uuid.lib odbc32.lib odbccp32.lib /MANIFEST /ManifestFile:"Release\Solitare.exe.intermediate.manifest" /MANIFESTUAC:"level='asInvoker' uiAccess='false'" /DEBUG /PDB:"c:\users\justin\documents\visual studio 2010\Projects\Solitare\Release\Solitare.pdb" /OPT:REF /OPT:ICF /LTCG /TLBID:1 /DYNAMICBASE /NXCOMPAT /IMPLIB:"c:\users\justin\documents\visual studio 2010\Projects\Solitare\Release\Solitare.lib" /MACHINE:X86 Release\Solitare.obj
         Generating code
         Finished generating code
         Solitare.vcxproj -> c:\users\justin\documents\visual studio 2010\Projects\Solitare\Release\Solitare.exe
       Manifest:
         C:\Program Files\Microsoft SDKs\Windows\v7.0A\bin\mt.exe /nologo /verbose /outputresource:"c:\users\justin\documents\visual studio 2010\Projects\Solitare\Release\Solitare.exe;#1" /manifest Release\Solitare.exe.intermediate.manifest
       FinalizeBuildStatus:
         Deleting file "Release\Solitare.unsuccessfulbuild".
         Touching "Release\Solitare.lastbuildstate".
     1>Done Building Project "c:\Users\Justin\documents\visual studio 2010\Projects\Solitare\Solitare.vcxproj" (build target(s)).

Build succeeded.

Time Elapsed 00:00:01.96
