Build started 12/16/2011 1:03:27 PM.
     1>Project "c:\Users\Justin\Documents\Visual Studio 2010\Projects\War\War.vcxproj" on node 2 (build target(s)).
     1>InitializeBuildStatus:
         Creating "Debug\War.unsuccessfulbuild" because "AlwaysCreate" was specified.
       ClCompile:
         c:\Program Files\Microsoft Visual Studio 10.0\VC\bin\CL.exe /c /ZI /nologo /W3 /WX- /Od /Oy- /D _MBCS /Gm /EHsc /RTC1 /MDd /GS /fp:precise /Zc:wchar_t /Zc:forScope /Fo"Debug\\" /Fd"Debug\vc100.pdb" /Gd /TP /analyze- /errorReport:prompt Deck.cpp War.cpp
         War.cpp
     1>c:\users\justin\documents\visual studio 2010\projects\war\war.cpp(399): warning C4244: 'argument' : conversion from 'time_t' to 'unsigned int', possible loss of data
         Deck.cpp
     1>c:\users\justin\documents\visual studio 2010\projects\war\deck.cpp(141): warning C4018: '<' : signed/unsigned mismatch
         Generating Code...
       Link:
         c:\Program Files\Microsoft Visual Studio 10.0\VC\bin\link.exe /ERRORREPORT:PROMPT /OUT:"c:\Users\Justin\Documents\Visual Studio 2010\Projects\War\Debug\War.exe" /NOLOGO kernel32.lib user32.lib gdi32.lib winspool.lib comdlg32.lib advapi32.lib shell32.lib ole32.lib oleaut32.lib uuid.lib odbc32.lib odbccp32.lib /MANIFEST /ManifestFile:"Debug\War.exe.intermediate.manifest" /MANIFESTUAC:"level='asInvoker' uiAccess='false'" /DEBUG /PDB:"c:\Users\Justin\Documents\Visual Studio 2010\Projects\War\Debug\War.pdb" /TLBID:1 /DYNAMICBASE /NXCOMPAT /IMPLIB:"c:\Users\Justin\Documents\Visual Studio 2010\Projects\War\Debug\War.lib" /MACHINE:X86 Debug\Deck.obj
         Debug\War.obj
         LINK : c:\Users\Justin\Documents\Visual Studio 2010\Projects\War\Debug\War.exe not found or not built by the last incremental link; performing full link
         War.vcxproj -> c:\Users\Justin\Documents\Visual Studio 2010\Projects\War\Debug\War.exe
       Manifest:
         C:\Program Files\Microsoft SDKs\Windows\v7.0A\bin\mt.exe /nologo /verbose /outputresource:"c:\Users\Justin\Documents\Visual Studio 2010\Projects\War\Debug\War.exe;#1" /manifest Debug\War.exe.intermediate.manifest
       FinalizeBuildStatus:
         Deleting file "Debug\War.unsuccessfulbuild".
         Touching "Debug\War.lastbuildstate".
     1>Done Building Project "c:\Users\Justin\Documents\Visual Studio 2010\Projects\War\War.vcxproj" (build target(s)).

Build succeeded.

Time Elapsed 00:00:03.52
