Build started 12/9/2011 5:22:35 PM.
     1>Project "C:\Users\Justin\documents\visual studio 2010\Projects\Sorts_Searches\Sorts_Searches.vcxproj" on node 2 (build target(s)).
     1>InitializeBuildStatus:
         Creating "Debug\Sorts_Searches.unsuccessfulbuild" because "AlwaysCreate" was specified.
       ClCompile:
         c:\Program Files\Microsoft Visual Studio 10.0\VC\bin\CL.exe /c /ZI /nologo /W3 /WX- /Od /Oy- /D _MBCS /Gm /EHsc /RTC1 /MDd /GS /fp:precise /Zc:wchar_t /Zc:forScope /Fo"Debug\\" /Fd"Debug\vc100.pdb" /Gd /TP /analyze- /errorReport:prompt Sorts_Searches.cpp
         Sorts_Searches.cpp
     1>c:\users\justin\documents\visual studio 2010\projects\sorts_searches\sorts_searches.cpp(681): warning C4244: 'argument' : conversion from 'time_t' to 'unsigned int', possible loss of data
       Link:
         c:\Program Files\Microsoft Visual Studio 10.0\VC\bin\link.exe /ERRORREPORT:PROMPT /OUT:"C:\Users\Justin\documents\visual studio 2010\Projects\Sorts_Searches\Debug\Sorts_Searches.exe" /NOLOGO kernel32.lib user32.lib gdi32.lib winspool.lib comdlg32.lib advapi32.lib shell32.lib ole32.lib oleaut32.lib uuid.lib odbc32.lib odbccp32.lib /MANIFEST /ManifestFile:"Debug\Sorts_Searches.exe.intermediate.manifest" /MANIFESTUAC:"level='asInvoker' uiAccess='false'" /DEBUG /PDB:"C:\Users\Justin\documents\visual studio 2010\Projects\Sorts_Searches\Debug\Sorts_Searches.pdb" /TLBID:1 /DYNAMICBASE /NXCOMPAT /IMPLIB:"C:\Users\Justin\documents\visual studio 2010\Projects\Sorts_Searches\Debug\Sorts_Searches.lib" /MACHINE:X86 Debug\Sorts_Searches.obj
         LINK : C:\Users\Justin\documents\visual studio 2010\Projects\Sorts_Searches\Debug\Sorts_Searches.exe not found or not built by the last incremental link; performing full link
         Sorts_Searches.vcxproj -> C:\Users\Justin\documents\visual studio 2010\Projects\Sorts_Searches\Debug\Sorts_Searches.exe
       Manifest:
         C:\Program Files\Microsoft SDKs\Windows\v7.0A\bin\mt.exe /nologo /verbose /outputresource:"C:\Users\Justin\documents\visual studio 2010\Projects\Sorts_Searches\Debug\Sorts_Searches.exe;#1" /manifest Debug\Sorts_Searches.exe.intermediate.manifest
       FinalizeBuildStatus:
         Deleting file "Debug\Sorts_Searches.unsuccessfulbuild".
         Touching "Debug\Sorts_Searches.lastbuildstate".
     1>Done Building Project "C:\Users\Justin\documents\visual studio 2010\Projects\Sorts_Searches\Sorts_Searches.vcxproj" (build target(s)).

Build succeeded.

Time Elapsed 00:00:02.40
