Build started 10/19/2011 1:24:41 PM.
     1>Project "C:\Users\Justin\documents\visual studio 2010\Projects\Game\Game.vcxproj" on node 2 (build target(s)).
     1>InitializeBuildStatus:
         Touching "Debug\Game.unsuccessfulbuild".
       ClCompile:
         c:\Program Files\Microsoft Visual Studio 10.0\VC\bin\CL.exe /c /ZI /nologo /W3 /WX- /Od /Oy- /D WIN32 /D _DEBUG /D _CONSOLE /D _UNICODE /D UNICODE /Gm /EHsc /RTC1 /MDd /GS /fp:precise /Zc:wchar_t /Zc:forScope /Fo"Debug\\" /Fd"Debug\vc100.pdb" /Gd /TP /analyze- /errorReport:prompt Area.cpp Button.cpp ButtonList.cpp Floor.cpp Game.cpp GameObjectManager.cpp ImageManager.cpp RPG.cpp RandomFloor.cpp Room.cpp WallArea.cpp
         Game.cpp
         Generating Code...
         Compiling...
         WallArea.cpp
     1>c:\users\justin\documents\visual studio 2010\projects\game\wallarea.cpp(19): warning C4244: 'argument' : conversion from 'int' to 'float', possible loss of data
     1>c:\users\justin\documents\visual studio 2010\projects\game\wallarea.cpp(20): warning C4244: 'argument' : conversion from 'int' to 'float', possible loss of data
         Room.cpp
     1>c:\users\justin\documents\visual studio 2010\projects\game\room.cpp(9): warning C4018: '<' : signed/unsigned mismatch
         RandomFloor.cpp
     1>c:\users\justin\documents\visual studio 2010\projects\game\randomfloor.cpp(25): warning C4244: 'argument' : conversion from 'int' to 'float', possible loss of data
     1>c:\users\justin\documents\visual studio 2010\projects\game\randomfloor.cpp(26): warning C4244: 'argument' : conversion from 'int' to 'float', possible loss of data
         RPG.cpp
         ImageManager.cpp
         GameObjectManager.cpp
         Floor.cpp
     1>c:\users\justin\documents\visual studio 2010\projects\game\floor.cpp(29): warning C4244: 'argument' : conversion from 'int' to 'float', possible loss of data
     1>c:\users\justin\documents\visual studio 2010\projects\game\floor.cpp(30): warning C4244: 'argument' : conversion from 'int' to 'float', possible loss of data
         ButtonList.cpp
         Area.cpp
         Generating Code...
         Skipping... (no relevant changes detected)
         Button.cpp
       ManifestResourceCompile:
         All outputs are up-to-date.
       Link:
         c:\Program Files\Microsoft Visual Studio 10.0\VC\bin\link.exe /ERRORREPORT:PROMPT /OUT:"C:\Users\Justin\documents\visual studio 2010\Projects\Game\Debug\Game.exe" /INCREMENTAL /NOLOGO "sfml-window-s-d.lib" "sfml-graphics-s-d.lib" "sfml-system-s-d.lib" "sfml-audio-s-d.lib" kernel32.lib user32.lib gdi32.lib winspool.lib comdlg32.lib advapi32.lib shell32.lib ole32.lib oleaut32.lib uuid.lib odbc32.lib odbccp32.lib /MANIFEST /ManifestFile:"Debug\Game.exe.intermediate.manifest" /MANIFESTUAC:"level='asInvoker' uiAccess='false'" /DEBUG /PDB:"C:\Users\Justin\documents\visual studio 2010\Projects\Game\Debug\Game.pdb" /SUBSYSTEM:CONSOLE /TLBID:1 /DYNAMICBASE /NXCOMPAT /IMPLIB:"C:\Users\Justin\documents\visual studio 2010\Projects\Game\Debug\Game.lib" /MACHINE:X86 Debug\Game.exe.embed.manifest.res
         Debug\Area.obj
         Debug\Button.obj
         Debug\ButtonList.obj
         Debug\Floor.obj
         Debug\Game.obj
         Debug\GameObject.obj
         Debug\GameObjectManager.obj
         Debug\ImageManager.obj
         Debug\MainMenu.obj
         Debug\Menu.obj
         Debug\RandomFloor.obj
         Debug\Room.obj
         Debug\RPG.obj
         Debug\SplashScreen.obj
         Debug\stdafx.obj
         Debug\Tile.obj
         Debug\MovableObject.obj
         Debug\WallArea.obj
       Manifest:
         C:\Program Files\Microsoft SDKs\Windows\v7.0A\bin\mt.exe /nologo /verbose /out:"Debug\Game.exe.embed.manifest" /manifest Debug\Game.exe.intermediate.manifest
         All outputs are up-to-date.
       LinkEmbedManifest:
         All outputs are up-to-date.
         Game.vcxproj -> C:\Users\Justin\documents\visual studio 2010\Projects\Game\Debug\Game.exe
       FinalizeBuildStatus:
         Deleting file "Debug\Game.unsuccessfulbuild".
         Touching "Debug\Game.lastbuildstate".
     1>Done Building Project "C:\Users\Justin\documents\visual studio 2010\Projects\Game\Game.vcxproj" (build target(s)).

Build succeeded.

Time Elapsed 00:00:30.45
