Build started 11/6/2011 11:26:50 PM.
     1>Project "C:\Users\Justin\documents\visual studio 2010\Projects\Coffee Maker\Coffee Maker.vcxproj" on node 2 (build target(s)).
     1>InitializeBuildStatus:
         Creating "Debug\Coffee Maker.unsuccessfulbuild" because "AlwaysCreate" was specified.
       ClCompile:
         c:\Program Files\Microsoft Visual Studio 10.0\VC\bin\CL.exe /c /ZI /nologo /W3 /WX- /Od /Oy- /D _MBCS /Gm /EHsc /RTC1 /MDd /GS /fp:precise /Zc:wchar_t /Zc:forScope /Fo"Debug\\" /Fd"Debug\vc100.pdb" /Gd /TP /analyze- /errorReport:prompt Coffee_Maker.cpp
         Coffee_Maker.cpp
     1>c:\users\justin\documents\visual studio 2010\projects\coffee maker\coffee_maker.cpp(408): warning C4244: 'initializing' : conversion from 'double' to 'float', possible loss of data
     1>c:\users\justin\documents\visual studio 2010\projects\coffee maker\coffee_maker.cpp(413): warning C4244: '+=' : conversion from 'double' to 'float', possible loss of data
       Link:
         c:\Program Files\Microsoft Visual Studio 10.0\VC\bin\link.exe /ERRORREPORT:PROMPT /OUT:"C:\Users\Justin\documents\visual studio 2010\Projects\Coffee Maker\Debug\Coffee Maker.exe" /NOLOGO kernel32.lib user32.lib gdi32.lib winspool.lib comdlg32.lib advapi32.lib shell32.lib ole32.lib oleaut32.lib uuid.lib odbc32.lib odbccp32.lib /MANIFEST /ManifestFile:"Debug\Coffee Maker.exe.intermediate.manifest" /MANIFESTUAC:"level='asInvoker' uiAccess='false'" /DEBUG /PDB:"C:\Users\Justin\documents\visual studio 2010\Projects\Coffee Maker\Debug\Coffee Maker.pdb" /TLBID:1 /DYNAMICBASE /NXCOMPAT /IMPLIB:"C:\Users\Justin\documents\visual studio 2010\Projects\Coffee Maker\Debug\Coffee Maker.lib" /MACHINE:X86 Debug\Coffee_Maker.obj
         LINK : C:\Users\Justin\documents\visual studio 2010\Projects\Coffee Maker\Debug\Coffee Maker.exe not found or not built by the last incremental link; performing full link
         Coffee Maker.vcxproj -> C:\Users\Justin\documents\visual studio 2010\Projects\Coffee Maker\Debug\Coffee Maker.exe
       Manifest:
         C:\Program Files\Microsoft SDKs\Windows\v7.0A\bin\mt.exe /nologo /verbose /outputresource:"C:\Users\Justin\documents\visual studio 2010\Projects\Coffee Maker\Debug\Coffee Maker.exe;#1" /manifest "Debug\Coffee Maker.exe.intermediate.manifest"
       FinalizeBuildStatus:
         Deleting file "Debug\Coffee Maker.unsuccessfulbuild".
         Touching "Debug\Coffee Maker.lastbuildstate".
     1>Done Building Project "C:\Users\Justin\documents\visual studio 2010\Projects\Coffee Maker\Coffee Maker.vcxproj" (build target(s)).

Build succeeded.

Time Elapsed 00:00:01.41
