Build started 9/12/2011 2:39:08 AM.
     1>Project "c:\Users\Justin\documents\visual studio 2010\Projects\NailJustin361A1P2\NailJustin361A1P2\NailJustin361A1P2.vcxproj" on node 2 (build target(s)).
     1>PrepareForBuild:
         Creating directory "c:\users\justin\documents\visual studio 2010\Projects\NailJustin361A1P2\Debug\".
       InitializeBuildStatus:
         Creating "Debug\NailJustin361A1P2.unsuccessfulbuild" because "AlwaysCreate" was specified.
       ClCompile:
         c:\Program Files\Microsoft Visual Studio 10.0\VC\bin\CL.exe /c /ZI /nologo /W3 /WX- /Od /Oy- /D _MBCS /Gm /EHsc /RTC1 /MDd /GS /fp:precise /Zc:wchar_t /Zc:forScope /Fo"Debug\\" /Fd"Debug\vc100.pdb" /Gd /TP /analyze- /errorReport:prompt NailJustin361A1P2.cpp
         NailJustin361A1P2.cpp
       Link:
         c:\Program Files\Microsoft Visual Studio 10.0\VC\bin\link.exe /ERRORREPORT:PROMPT /OUT:"c:\users\justin\documents\visual studio 2010\Projects\NailJustin361A1P2\Debug\NailJustin361A1P2.exe" /NOLOGO kernel32.lib user32.lib gdi32.lib winspool.lib comdlg32.lib advapi32.lib shell32.lib ole32.lib oleaut32.lib uuid.lib odbc32.lib odbccp32.lib /MANIFEST /ManifestFile:"Debug\NailJustin361A1P2.exe.intermediate.manifest" /MANIFESTUAC:"level='asInvoker' uiAccess='false'" /DEBUG /PDB:"c:\users\justin\documents\visual studio 2010\Projects\NailJustin361A1P2\Debug\NailJustin361A1P2.pdb" /TLBID:1 /DYNAMICBASE /NXCOMPAT /IMPLIB:"c:\users\justin\documents\visual studio 2010\Projects\NailJustin361A1P2\Debug\NailJustin361A1P2.lib" /MACHINE:X86 Debug\NailJustin361A1P2.obj
         NailJustin361A1P2.vcxproj -> c:\users\justin\documents\visual studio 2010\Projects\NailJustin361A1P2\Debug\NailJustin361A1P2.exe
       Manifest:
         C:\Program Files\Microsoft SDKs\Windows\v7.0A\bin\mt.exe /nologo /verbose /outputresource:"c:\users\justin\documents\visual studio 2010\Projects\NailJustin361A1P2\Debug\NailJustin361A1P2.exe;#1" /manifest Debug\NailJustin361A1P2.exe.intermediate.manifest
       FinalizeBuildStatus:
         Deleting file "Debug\NailJustin361A1P2.unsuccessfulbuild".
         Touching "Debug\NailJustin361A1P2.lastbuildstate".
     1>Done Building Project "c:\Users\Justin\documents\visual studio 2010\Projects\NailJustin361A1P2\NailJustin361A1P2\NailJustin361A1P2.vcxproj" (build target(s)).

Build succeeded.

Time Elapsed 00:00:03.40
